SLURM_JOB_ID: 61418490
SLURM_JOB_USER: vsc35197
SLURM_JOB_ACCOUNT: lp_doctoralresearch
SLURM_JOB_NAME: meta-TCT-simulations
SLURM_CLUSTER_NAME: wice
SLURM_JOB_PARTITION: batch_sapphirerapids
SLURM_NNODES: 1
SLURM_NODELIST: q16c28n2
SLURM_JOB_CPUS_PER_NODE: 96
Date: Wed May 15 10:14:51 CEST 2024
Walltime: 01-01:00:00
========================================================================
[1] "/vsc-hard-mounts/leuven-data/351/vsc35197/meta-TCT-simulations/renv/library/R-4.3/x86_64-pc-linux-gnu"
[2] "/vsc-hard-mounts/leuven-data/351/vsc35197/.cache/R/renv/sandbox/R-4.3/x86_64-pc-linux-gnu/86ad5954"   
               _                           
platform       x86_64-pc-linux-gnu         
arch           x86_64                      
os             linux-gnu                   
system         x86_64, linux-gnu           
status                                     
major          4                           
minor          3.2                         
year           2023                        
month          10                          
day            31                          
svn rev        85441                       
language       R                           
version.string R version 4.3.2 (2023-10-31)
nickname       Eye Holes                   
- The library is already synchronized with the lockfile.

Attaching package: ‘dplyr’

The following objects are masked from ‘package:stats’:

    filter, lag

The following objects are masked from ‘package:base’:

    intersect, setdiff, setequal, union

Joining with `by = join_by(time_points_chr)`
`summarise()` has grouped output by 'progression', 'gamma_slowing', 'n',
'time_points_chr', 'time_points'. You can override using the `.groups`
argument.
[[1]]
 [1] "dplyr"     "mmrm"      "TCT"       "stats"     "graphics"  "grDevices"
 [7] "datasets"  "utils"     "methods"   "base"     

[[2]]
 [1] "dplyr"     "mmrm"      "TCT"       "stats"     "graphics"  "grDevices"
 [7] "datasets"  "utils"     "methods"   "base"     

[[3]]
 [1] "dplyr"     "mmrm"      "TCT"       "stats"     "graphics"  "grDevices"
 [7] "datasets"  "utils"     "methods"   "base"     

[[4]]
 [1] "dplyr"     "mmrm"      "TCT"       "stats"     "graphics"  "grDevices"
 [7] "datasets"  "utils"     "methods"   "base"     

[[5]]
 [1] "dplyr"     "mmrm"      "TCT"       "stats"     "graphics"  "grDevices"
 [7] "datasets"  "utils"     "methods"   "base"     

[[6]]
 [1] "dplyr"     "mmrm"      "TCT"       "stats"     "graphics"  "grDevices"
 [7] "datasets"  "utils"     "methods"   "base"     

[[7]]
 [1] "dplyr"     "mmrm"      "TCT"       "stats"     "graphics"  "grDevices"
 [7] "datasets"  "utils"     "methods"   "base"     

[[8]]
 [1] "dplyr"     "mmrm"      "TCT"       "stats"     "graphics"  "grDevices"
 [7] "datasets"  "utils"     "methods"   "base"     

[[9]]
 [1] "dplyr"     "mmrm"      "TCT"       "stats"     "graphics"  "grDevices"
 [7] "datasets"  "utils"     "methods"   "base"     

[[10]]
 [1] "dplyr"     "mmrm"      "TCT"       "stats"     "graphics"  "grDevices"
 [7] "datasets"  "utils"     "methods"   "base"     

[[11]]
 [1] "dplyr"     "mmrm"      "TCT"       "stats"     "graphics"  "grDevices"
 [7] "datasets"  "utils"     "methods"   "base"     

[[12]]
 [1] "dplyr"     "mmrm"      "TCT"       "stats"     "graphics"  "grDevices"
 [7] "datasets"  "utils"     "methods"   "base"     

[[13]]
 [1] "dplyr"     "mmrm"      "TCT"       "stats"     "graphics"  "grDevices"
 [7] "datasets"  "utils"     "methods"   "base"     

[[14]]
 [1] "dplyr"     "mmrm"      "TCT"       "stats"     "graphics"  "grDevices"
 [7] "datasets"  "utils"     "methods"   "base"     

[[15]]
 [1] "dplyr"     "mmrm"      "TCT"       "stats"     "graphics"  "grDevices"
 [7] "datasets"  "utils"     "methods"   "base"     

[[16]]
 [1] "dplyr"     "mmrm"      "TCT"       "stats"     "graphics"  "grDevices"
 [7] "datasets"  "utils"     "methods"   "base"     

[[17]]
 [1] "dplyr"     "mmrm"      "TCT"       "stats"     "graphics"  "grDevices"
 [7] "datasets"  "utils"     "methods"   "base"     

[[18]]
 [1] "dplyr"     "mmrm"      "TCT"       "stats"     "graphics"  "grDevices"
 [7] "datasets"  "utils"     "methods"   "base"     

[[19]]
 [1] "dplyr"     "mmrm"      "TCT"       "stats"     "graphics"  "grDevices"
 [7] "datasets"  "utils"     "methods"   "base"     

[[20]]
 [1] "dplyr"     "mmrm"      "TCT"       "stats"     "graphics"  "grDevices"
 [7] "datasets"  "utils"     "methods"   "base"     

[[21]]
 [1] "dplyr"     "mmrm"      "TCT"       "stats"     "graphics"  "grDevices"
 [7] "datasets"  "utils"     "methods"   "base"     

[[22]]
 [1] "dplyr"     "mmrm"      "TCT"       "stats"     "graphics"  "grDevices"
 [7] "datasets"  "utils"     "methods"   "base"     

[[23]]
 [1] "dplyr"     "mmrm"      "TCT"       "stats"     "graphics"  "grDevices"
 [7] "datasets"  "utils"     "methods"   "base"     

[[24]]
 [1] "dplyr"     "mmrm"      "TCT"       "stats"     "graphics"  "grDevices"
 [7] "datasets"  "utils"     "methods"   "base"     

[[25]]
 [1] "dplyr"     "mmrm"      "TCT"       "stats"     "graphics"  "grDevices"
 [7] "datasets"  "utils"     "methods"   "base"     

[[26]]
 [1] "dplyr"     "mmrm"      "TCT"       "stats"     "graphics"  "grDevices"
 [7] "datasets"  "utils"     "methods"   "base"     

[[27]]
 [1] "dplyr"     "mmrm"      "TCT"       "stats"     "graphics"  "grDevices"
 [7] "datasets"  "utils"     "methods"   "base"     

[[28]]
 [1] "dplyr"     "mmrm"      "TCT"       "stats"     "graphics"  "grDevices"
 [7] "datasets"  "utils"     "methods"   "base"     

[[29]]
 [1] "dplyr"     "mmrm"      "TCT"       "stats"     "graphics"  "grDevices"
 [7] "datasets"  "utils"     "methods"   "base"     

[[30]]
 [1] "dplyr"     "mmrm"      "TCT"       "stats"     "graphics"  "grDevices"
 [7] "datasets"  "utils"     "methods"   "base"     

[[31]]
 [1] "dplyr"     "mmrm"      "TCT"       "stats"     "graphics"  "grDevices"
 [7] "datasets"  "utils"     "methods"   "base"     

[[32]]
 [1] "dplyr"     "mmrm"      "TCT"       "stats"     "graphics"  "grDevices"
 [7] "datasets"  "utils"     "methods"   "base"     

[[33]]
 [1] "dplyr"     "mmrm"      "TCT"       "stats"     "graphics"  "grDevices"
 [7] "datasets"  "utils"     "methods"   "base"     

[[34]]
 [1] "dplyr"     "mmrm"      "TCT"       "stats"     "graphics"  "grDevices"
 [7] "datasets"  "utils"     "methods"   "base"     

[[35]]
 [1] "dplyr"     "mmrm"      "TCT"       "stats"     "graphics"  "grDevices"
 [7] "datasets"  "utils"     "methods"   "base"     

[[36]]
 [1] "dplyr"     "mmrm"      "TCT"       "stats"     "graphics"  "grDevices"
 [7] "datasets"  "utils"     "methods"   "base"     

[[37]]
 [1] "dplyr"     "mmrm"      "TCT"       "stats"     "graphics"  "grDevices"
 [7] "datasets"  "utils"     "methods"   "base"     

[[38]]
 [1] "dplyr"     "mmrm"      "TCT"       "stats"     "graphics"  "grDevices"
 [7] "datasets"  "utils"     "methods"   "base"     

[[39]]
 [1] "dplyr"     "mmrm"      "TCT"       "stats"     "graphics"  "grDevices"
 [7] "datasets"  "utils"     "methods"   "base"     

[[40]]
 [1] "dplyr"     "mmrm"      "TCT"       "stats"     "graphics"  "grDevices"
 [7] "datasets"  "utils"     "methods"   "base"     

[[41]]
 [1] "dplyr"     "mmrm"      "TCT"       "stats"     "graphics"  "grDevices"
 [7] "datasets"  "utils"     "methods"   "base"     

[[42]]
 [1] "dplyr"     "mmrm"      "TCT"       "stats"     "graphics"  "grDevices"
 [7] "datasets"  "utils"     "methods"   "base"     

[[43]]
 [1] "dplyr"     "mmrm"      "TCT"       "stats"     "graphics"  "grDevices"
 [7] "datasets"  "utils"     "methods"   "base"     

[[44]]
 [1] "dplyr"     "mmrm"      "TCT"       "stats"     "graphics"  "grDevices"
 [7] "datasets"  "utils"     "methods"   "base"     

[[45]]
 [1] "dplyr"     "mmrm"      "TCT"       "stats"     "graphics"  "grDevices"
 [7] "datasets"  "utils"     "methods"   "base"     

[[46]]
 [1] "dplyr"     "mmrm"      "TCT"       "stats"     "graphics"  "grDevices"
 [7] "datasets"  "utils"     "methods"   "base"     

[[47]]
 [1] "dplyr"     "mmrm"      "TCT"       "stats"     "graphics"  "grDevices"
 [7] "datasets"  "utils"     "methods"   "base"     

[[48]]
 [1] "dplyr"     "mmrm"      "TCT"       "stats"     "graphics"  "grDevices"
 [7] "datasets"  "utils"     "methods"   "base"     

[[49]]
 [1] "dplyr"     "mmrm"      "TCT"       "stats"     "graphics"  "grDevices"
 [7] "datasets"  "utils"     "methods"   "base"     

[[50]]
 [1] "dplyr"     "mmrm"      "TCT"       "stats"     "graphics"  "grDevices"
 [7] "datasets"  "utils"     "methods"   "base"     

[[51]]
 [1] "dplyr"     "mmrm"      "TCT"       "stats"     "graphics"  "grDevices"
 [7] "datasets"  "utils"     "methods"   "base"     

[[52]]
 [1] "dplyr"     "mmrm"      "TCT"       "stats"     "graphics"  "grDevices"
 [7] "datasets"  "utils"     "methods"   "base"     

[[53]]
 [1] "dplyr"     "mmrm"      "TCT"       "stats"     "graphics"  "grDevices"
 [7] "datasets"  "utils"     "methods"   "base"     

[[54]]
 [1] "dplyr"     "mmrm"      "TCT"       "stats"     "graphics"  "grDevices"
 [7] "datasets"  "utils"     "methods"   "base"     

[[55]]
 [1] "dplyr"     "mmrm"      "TCT"       "stats"     "graphics"  "grDevices"
 [7] "datasets"  "utils"     "methods"   "base"     

[[56]]
 [1] "dplyr"     "mmrm"      "TCT"       "stats"     "graphics"  "grDevices"
 [7] "datasets"  "utils"     "methods"   "base"     

[[57]]
 [1] "dplyr"     "mmrm"      "TCT"       "stats"     "graphics"  "grDevices"
 [7] "datasets"  "utils"     "methods"   "base"     

[[58]]
 [1] "dplyr"     "mmrm"      "TCT"       "stats"     "graphics"  "grDevices"
 [7] "datasets"  "utils"     "methods"   "base"     

[[59]]
 [1] "dplyr"     "mmrm"      "TCT"       "stats"     "graphics"  "grDevices"
 [7] "datasets"  "utils"     "methods"   "base"     

[[60]]
 [1] "dplyr"     "mmrm"      "TCT"       "stats"     "graphics"  "grDevices"
 [7] "datasets"  "utils"     "methods"   "base"     

[[61]]
 [1] "dplyr"     "mmrm"      "TCT"       "stats"     "graphics"  "grDevices"
 [7] "datasets"  "utils"     "methods"   "base"     

[[62]]
 [1] "dplyr"     "mmrm"      "TCT"       "stats"     "graphics"  "grDevices"
 [7] "datasets"  "utils"     "methods"   "base"     

[[63]]
 [1] "dplyr"     "mmrm"      "TCT"       "stats"     "graphics"  "grDevices"
 [7] "datasets"  "utils"     "methods"   "base"     

[[64]]
 [1] "dplyr"     "mmrm"      "TCT"       "stats"     "graphics"  "grDevices"
 [7] "datasets"  "utils"     "methods"   "base"     

[[65]]
 [1] "dplyr"     "mmrm"      "TCT"       "stats"     "graphics"  "grDevices"
 [7] "datasets"  "utils"     "methods"   "base"     

[[66]]
 [1] "dplyr"     "mmrm"      "TCT"       "stats"     "graphics"  "grDevices"
 [7] "datasets"  "utils"     "methods"   "base"     

[[67]]
 [1] "dplyr"     "mmrm"      "TCT"       "stats"     "graphics"  "grDevices"
 [7] "datasets"  "utils"     "methods"   "base"     

[[68]]
 [1] "dplyr"     "mmrm"      "TCT"       "stats"     "graphics"  "grDevices"
 [7] "datasets"  "utils"     "methods"   "base"     

[[69]]
 [1] "dplyr"     "mmrm"      "TCT"       "stats"     "graphics"  "grDevices"
 [7] "datasets"  "utils"     "methods"   "base"     

[[70]]
 [1] "dplyr"     "mmrm"      "TCT"       "stats"     "graphics"  "grDevices"
 [7] "datasets"  "utils"     "methods"   "base"     

[[71]]
 [1] "dplyr"     "mmrm"      "TCT"       "stats"     "graphics"  "grDevices"
 [7] "datasets"  "utils"     "methods"   "base"     

[[72]]
 [1] "dplyr"     "mmrm"      "TCT"       "stats"     "graphics"  "grDevices"
 [7] "datasets"  "utils"     "methods"   "base"     

[[73]]
 [1] "dplyr"     "mmrm"      "TCT"       "stats"     "graphics"  "grDevices"
 [7] "datasets"  "utils"     "methods"   "base"     

[[74]]
 [1] "dplyr"     "mmrm"      "TCT"       "stats"     "graphics"  "grDevices"
 [7] "datasets"  "utils"     "methods"   "base"     

[[75]]
 [1] "dplyr"     "mmrm"      "TCT"       "stats"     "graphics"  "grDevices"
 [7] "datasets"  "utils"     "methods"   "base"     

[[76]]
 [1] "dplyr"     "mmrm"      "TCT"       "stats"     "graphics"  "grDevices"
 [7] "datasets"  "utils"     "methods"   "base"     

[[77]]
 [1] "dplyr"     "mmrm"      "TCT"       "stats"     "graphics"  "grDevices"
 [7] "datasets"  "utils"     "methods"   "base"     

[[78]]
 [1] "dplyr"     "mmrm"      "TCT"       "stats"     "graphics"  "grDevices"
 [7] "datasets"  "utils"     "methods"   "base"     

[[79]]
 [1] "dplyr"     "mmrm"      "TCT"       "stats"     "graphics"  "grDevices"
 [7] "datasets"  "utils"     "methods"   "base"     

[[80]]
 [1] "dplyr"     "mmrm"      "TCT"       "stats"     "graphics"  "grDevices"
 [7] "datasets"  "utils"     "methods"   "base"     

[[81]]
 [1] "dplyr"     "mmrm"      "TCT"       "stats"     "graphics"  "grDevices"
 [7] "datasets"  "utils"     "methods"   "base"     

[[82]]
 [1] "dplyr"     "mmrm"      "TCT"       "stats"     "graphics"  "grDevices"
 [7] "datasets"  "utils"     "methods"   "base"     

[[83]]
 [1] "dplyr"     "mmrm"      "TCT"       "stats"     "graphics"  "grDevices"
 [7] "datasets"  "utils"     "methods"   "base"     

[[84]]
 [1] "dplyr"     "mmrm"      "TCT"       "stats"     "graphics"  "grDevices"
 [7] "datasets"  "utils"     "methods"   "base"     

[[85]]
 [1] "dplyr"     "mmrm"      "TCT"       "stats"     "graphics"  "grDevices"
 [7] "datasets"  "utils"     "methods"   "base"     

[[86]]
 [1] "dplyr"     "mmrm"      "TCT"       "stats"     "graphics"  "grDevices"
 [7] "datasets"  "utils"     "methods"   "base"     

[[87]]
 [1] "dplyr"     "mmrm"      "TCT"       "stats"     "graphics"  "grDevices"
 [7] "datasets"  "utils"     "methods"   "base"     

[[88]]
 [1] "dplyr"     "mmrm"      "TCT"       "stats"     "graphics"  "grDevices"
 [7] "datasets"  "utils"     "methods"   "base"     

[[89]]
 [1] "dplyr"     "mmrm"      "TCT"       "stats"     "graphics"  "grDevices"
 [7] "datasets"  "utils"     "methods"   "base"     

[[90]]
 [1] "dplyr"     "mmrm"      "TCT"       "stats"     "graphics"  "grDevices"
 [7] "datasets"  "utils"     "methods"   "base"     

[[91]]
 [1] "dplyr"     "mmrm"      "TCT"       "stats"     "graphics"  "grDevices"
 [7] "datasets"  "utils"     "methods"   "base"     

[[92]]
 [1] "dplyr"     "mmrm"      "TCT"       "stats"     "graphics"  "grDevices"
 [7] "datasets"  "utils"     "methods"   "base"     

[[93]]
 [1] "dplyr"     "mmrm"      "TCT"       "stats"     "graphics"  "grDevices"
 [7] "datasets"  "utils"     "methods"   "base"     

[[94]]
 [1] "dplyr"     "mmrm"      "TCT"       "stats"     "graphics"  "grDevices"
 [7] "datasets"  "utils"     "methods"   "base"     

[[95]]
 [1] "dplyr"     "mmrm"      "TCT"       "stats"     "graphics"  "grDevices"
 [7] "datasets"  "utils"     "methods"   "base"     

[[1]]
 [1] "dplyr"     "mmrm"      "TCT"       "stats"     "graphics"  "grDevices"
 [7] "datasets"  "utils"     "methods"   "base"     

[[2]]
 [1] "dplyr"     "mmrm"      "TCT"       "stats"     "graphics"  "grDevices"
 [7] "datasets"  "utils"     "methods"   "base"     

[[3]]
 [1] "dplyr"     "mmrm"      "TCT"       "stats"     "graphics"  "grDevices"
 [7] "datasets"  "utils"     "methods"   "base"     

[[4]]
 [1] "dplyr"     "mmrm"      "TCT"       "stats"     "graphics"  "grDevices"
 [7] "datasets"  "utils"     "methods"   "base"     

[[5]]
 [1] "dplyr"     "mmrm"      "TCT"       "stats"     "graphics"  "grDevices"
 [7] "datasets"  "utils"     "methods"   "base"     

[[6]]
 [1] "dplyr"     "mmrm"      "TCT"       "stats"     "graphics"  "grDevices"
 [7] "datasets"  "utils"     "methods"   "base"     

[[7]]
 [1] "dplyr"     "mmrm"      "TCT"       "stats"     "graphics"  "grDevices"
 [7] "datasets"  "utils"     "methods"   "base"     

[[8]]
 [1] "dplyr"     "mmrm"      "TCT"       "stats"     "graphics"  "grDevices"
 [7] "datasets"  "utils"     "methods"   "base"     

[[9]]
 [1] "dplyr"     "mmrm"      "TCT"       "stats"     "graphics"  "grDevices"
 [7] "datasets"  "utils"     "methods"   "base"     

[[10]]
 [1] "dplyr"     "mmrm"      "TCT"       "stats"     "graphics"  "grDevices"
 [7] "datasets"  "utils"     "methods"   "base"     

[[11]]
 [1] "dplyr"     "mmrm"      "TCT"       "stats"     "graphics"  "grDevices"
 [7] "datasets"  "utils"     "methods"   "base"     

[[12]]
 [1] "dplyr"     "mmrm"      "TCT"       "stats"     "graphics"  "grDevices"
 [7] "datasets"  "utils"     "methods"   "base"     

[[13]]
 [1] "dplyr"     "mmrm"      "TCT"       "stats"     "graphics"  "grDevices"
 [7] "datasets"  "utils"     "methods"   "base"     

[[14]]
 [1] "dplyr"     "mmrm"      "TCT"       "stats"     "graphics"  "grDevices"
 [7] "datasets"  "utils"     "methods"   "base"     

[[15]]
 [1] "dplyr"     "mmrm"      "TCT"       "stats"     "graphics"  "grDevices"
 [7] "datasets"  "utils"     "methods"   "base"     

[[16]]
 [1] "dplyr"     "mmrm"      "TCT"       "stats"     "graphics"  "grDevices"
 [7] "datasets"  "utils"     "methods"   "base"     

[[17]]
 [1] "dplyr"     "mmrm"      "TCT"       "stats"     "graphics"  "grDevices"
 [7] "datasets"  "utils"     "methods"   "base"     

[[18]]
 [1] "dplyr"     "mmrm"      "TCT"       "stats"     "graphics"  "grDevices"
 [7] "datasets"  "utils"     "methods"   "base"     

[[19]]
 [1] "dplyr"     "mmrm"      "TCT"       "stats"     "graphics"  "grDevices"
 [7] "datasets"  "utils"     "methods"   "base"     

[[20]]
 [1] "dplyr"     "mmrm"      "TCT"       "stats"     "graphics"  "grDevices"
 [7] "datasets"  "utils"     "methods"   "base"     

[[21]]
 [1] "dplyr"     "mmrm"      "TCT"       "stats"     "graphics"  "grDevices"
 [7] "datasets"  "utils"     "methods"   "base"     

[[22]]
 [1] "dplyr"     "mmrm"      "TCT"       "stats"     "graphics"  "grDevices"
 [7] "datasets"  "utils"     "methods"   "base"     

[[23]]
 [1] "dplyr"     "mmrm"      "TCT"       "stats"     "graphics"  "grDevices"
 [7] "datasets"  "utils"     "methods"   "base"     

[[24]]
 [1] "dplyr"     "mmrm"      "TCT"       "stats"     "graphics"  "grDevices"
 [7] "datasets"  "utils"     "methods"   "base"     

[[25]]
 [1] "dplyr"     "mmrm"      "TCT"       "stats"     "graphics"  "grDevices"
 [7] "datasets"  "utils"     "methods"   "base"     

[[26]]
 [1] "dplyr"     "mmrm"      "TCT"       "stats"     "graphics"  "grDevices"
 [7] "datasets"  "utils"     "methods"   "base"     

[[27]]
 [1] "dplyr"     "mmrm"      "TCT"       "stats"     "graphics"  "grDevices"
 [7] "datasets"  "utils"     "methods"   "base"     

[[28]]
 [1] "dplyr"     "mmrm"      "TCT"       "stats"     "graphics"  "grDevices"
 [7] "datasets"  "utils"     "methods"   "base"     

[[29]]
 [1] "dplyr"     "mmrm"      "TCT"       "stats"     "graphics"  "grDevices"
 [7] "datasets"  "utils"     "methods"   "base"     

[[30]]
 [1] "dplyr"     "mmrm"      "TCT"       "stats"     "graphics"  "grDevices"
 [7] "datasets"  "utils"     "methods"   "base"     

[[31]]
 [1] "dplyr"     "mmrm"      "TCT"       "stats"     "graphics"  "grDevices"
 [7] "datasets"  "utils"     "methods"   "base"     

[[32]]
 [1] "dplyr"     "mmrm"      "TCT"       "stats"     "graphics"  "grDevices"
 [7] "datasets"  "utils"     "methods"   "base"     

[[33]]
 [1] "dplyr"     "mmrm"      "TCT"       "stats"     "graphics"  "grDevices"
 [7] "datasets"  "utils"     "methods"   "base"     

[[34]]
 [1] "dplyr"     "mmrm"      "TCT"       "stats"     "graphics"  "grDevices"
 [7] "datasets"  "utils"     "methods"   "base"     

[[35]]
 [1] "dplyr"     "mmrm"      "TCT"       "stats"     "graphics"  "grDevices"
 [7] "datasets"  "utils"     "methods"   "base"     

[[36]]
 [1] "dplyr"     "mmrm"      "TCT"       "stats"     "graphics"  "grDevices"
 [7] "datasets"  "utils"     "methods"   "base"     

[[37]]
 [1] "dplyr"     "mmrm"      "TCT"       "stats"     "graphics"  "grDevices"
 [7] "datasets"  "utils"     "methods"   "base"     

[[38]]
 [1] "dplyr"     "mmrm"      "TCT"       "stats"     "graphics"  "grDevices"
 [7] "datasets"  "utils"     "methods"   "base"     

[[39]]
 [1] "dplyr"     "mmrm"      "TCT"       "stats"     "graphics"  "grDevices"
 [7] "datasets"  "utils"     "methods"   "base"     

[[40]]
 [1] "dplyr"     "mmrm"      "TCT"       "stats"     "graphics"  "grDevices"
 [7] "datasets"  "utils"     "methods"   "base"     

[[41]]
 [1] "dplyr"     "mmrm"      "TCT"       "stats"     "graphics"  "grDevices"
 [7] "datasets"  "utils"     "methods"   "base"     

[[42]]
 [1] "dplyr"     "mmrm"      "TCT"       "stats"     "graphics"  "grDevices"
 [7] "datasets"  "utils"     "methods"   "base"     

[[43]]
 [1] "dplyr"     "mmrm"      "TCT"       "stats"     "graphics"  "grDevices"
 [7] "datasets"  "utils"     "methods"   "base"     

[[44]]
 [1] "dplyr"     "mmrm"      "TCT"       "stats"     "graphics"  "grDevices"
 [7] "datasets"  "utils"     "methods"   "base"     

[[45]]
 [1] "dplyr"     "mmrm"      "TCT"       "stats"     "graphics"  "grDevices"
 [7] "datasets"  "utils"     "methods"   "base"     

[[46]]
 [1] "dplyr"     "mmrm"      "TCT"       "stats"     "graphics"  "grDevices"
 [7] "datasets"  "utils"     "methods"   "base"     

[[47]]
 [1] "dplyr"     "mmrm"      "TCT"       "stats"     "graphics"  "grDevices"
 [7] "datasets"  "utils"     "methods"   "base"     

[[48]]
 [1] "dplyr"     "mmrm"      "TCT"       "stats"     "graphics"  "grDevices"
 [7] "datasets"  "utils"     "methods"   "base"     

[[49]]
 [1] "dplyr"     "mmrm"      "TCT"       "stats"     "graphics"  "grDevices"
 [7] "datasets"  "utils"     "methods"   "base"     

[[50]]
 [1] "dplyr"     "mmrm"      "TCT"       "stats"     "graphics"  "grDevices"
 [7] "datasets"  "utils"     "methods"   "base"     

[[51]]
 [1] "dplyr"     "mmrm"      "TCT"       "stats"     "graphics"  "grDevices"
 [7] "datasets"  "utils"     "methods"   "base"     

[[52]]
 [1] "dplyr"     "mmrm"      "TCT"       "stats"     "graphics"  "grDevices"
 [7] "datasets"  "utils"     "methods"   "base"     

[[53]]
 [1] "dplyr"     "mmrm"      "TCT"       "stats"     "graphics"  "grDevices"
 [7] "datasets"  "utils"     "methods"   "base"     

[[54]]
 [1] "dplyr"     "mmrm"      "TCT"       "stats"     "graphics"  "grDevices"
 [7] "datasets"  "utils"     "methods"   "base"     

[[55]]
 [1] "dplyr"     "mmrm"      "TCT"       "stats"     "graphics"  "grDevices"
 [7] "datasets"  "utils"     "methods"   "base"     

[[56]]
 [1] "dplyr"     "mmrm"      "TCT"       "stats"     "graphics"  "grDevices"
 [7] "datasets"  "utils"     "methods"   "base"     

[[57]]
 [1] "dplyr"     "mmrm"      "TCT"       "stats"     "graphics"  "grDevices"
 [7] "datasets"  "utils"     "methods"   "base"     

[[58]]
 [1] "dplyr"     "mmrm"      "TCT"       "stats"     "graphics"  "grDevices"
 [7] "datasets"  "utils"     "methods"   "base"     

[[59]]
 [1] "dplyr"     "mmrm"      "TCT"       "stats"     "graphics"  "grDevices"
 [7] "datasets"  "utils"     "methods"   "base"     

[[60]]
 [1] "dplyr"     "mmrm"      "TCT"       "stats"     "graphics"  "grDevices"
 [7] "datasets"  "utils"     "methods"   "base"     

[[61]]
 [1] "dplyr"     "mmrm"      "TCT"       "stats"     "graphics"  "grDevices"
 [7] "datasets"  "utils"     "methods"   "base"     

[[62]]
 [1] "dplyr"     "mmrm"      "TCT"       "stats"     "graphics"  "grDevices"
 [7] "datasets"  "utils"     "methods"   "base"     

[[63]]
 [1] "dplyr"     "mmrm"      "TCT"       "stats"     "graphics"  "grDevices"
 [7] "datasets"  "utils"     "methods"   "base"     

[[64]]
 [1] "dplyr"     "mmrm"      "TCT"       "stats"     "graphics"  "grDevices"
 [7] "datasets"  "utils"     "methods"   "base"     

[[65]]
 [1] "dplyr"     "mmrm"      "TCT"       "stats"     "graphics"  "grDevices"
 [7] "datasets"  "utils"     "methods"   "base"     

[[66]]
 [1] "dplyr"     "mmrm"      "TCT"       "stats"     "graphics"  "grDevices"
 [7] "datasets"  "utils"     "methods"   "base"     

[[67]]
 [1] "dplyr"     "mmrm"      "TCT"       "stats"     "graphics"  "grDevices"
 [7] "datasets"  "utils"     "methods"   "base"     

[[68]]
 [1] "dplyr"     "mmrm"      "TCT"       "stats"     "graphics"  "grDevices"
 [7] "datasets"  "utils"     "methods"   "base"     

[[69]]
 [1] "dplyr"     "mmrm"      "TCT"       "stats"     "graphics"  "grDevices"
 [7] "datasets"  "utils"     "methods"   "base"     

[[70]]
 [1] "dplyr"     "mmrm"      "TCT"       "stats"     "graphics"  "grDevices"
 [7] "datasets"  "utils"     "methods"   "base"     

[[71]]
 [1] "dplyr"     "mmrm"      "TCT"       "stats"     "graphics"  "grDevices"
 [7] "datasets"  "utils"     "methods"   "base"     

[[72]]
 [1] "dplyr"     "mmrm"      "TCT"       "stats"     "graphics"  "grDevices"
 [7] "datasets"  "utils"     "methods"   "base"     

[[73]]
 [1] "dplyr"     "mmrm"      "TCT"       "stats"     "graphics"  "grDevices"
 [7] "datasets"  "utils"     "methods"   "base"     

[[74]]
 [1] "dplyr"     "mmrm"      "TCT"       "stats"     "graphics"  "grDevices"
 [7] "datasets"  "utils"     "methods"   "base"     

[[75]]
 [1] "dplyr"     "mmrm"      "TCT"       "stats"     "graphics"  "grDevices"
 [7] "datasets"  "utils"     "methods"   "base"     

[[76]]
 [1] "dplyr"     "mmrm"      "TCT"       "stats"     "graphics"  "grDevices"
 [7] "datasets"  "utils"     "methods"   "base"     

[[77]]
 [1] "dplyr"     "mmrm"      "TCT"       "stats"     "graphics"  "grDevices"
 [7] "datasets"  "utils"     "methods"   "base"     

[[78]]
 [1] "dplyr"     "mmrm"      "TCT"       "stats"     "graphics"  "grDevices"
 [7] "datasets"  "utils"     "methods"   "base"     

[[79]]
 [1] "dplyr"     "mmrm"      "TCT"       "stats"     "graphics"  "grDevices"
 [7] "datasets"  "utils"     "methods"   "base"     

[[80]]
 [1] "dplyr"     "mmrm"      "TCT"       "stats"     "graphics"  "grDevices"
 [7] "datasets"  "utils"     "methods"   "base"     

[[81]]
 [1] "dplyr"     "mmrm"      "TCT"       "stats"     "graphics"  "grDevices"
 [7] "datasets"  "utils"     "methods"   "base"     

[[82]]
 [1] "dplyr"     "mmrm"      "TCT"       "stats"     "graphics"  "grDevices"
 [7] "datasets"  "utils"     "methods"   "base"     

[[83]]
 [1] "dplyr"     "mmrm"      "TCT"       "stats"     "graphics"  "grDevices"
 [7] "datasets"  "utils"     "methods"   "base"     

[[84]]
 [1] "dplyr"     "mmrm"      "TCT"       "stats"     "graphics"  "grDevices"
 [7] "datasets"  "utils"     "methods"   "base"     

[[85]]
 [1] "dplyr"     "mmrm"      "TCT"       "stats"     "graphics"  "grDevices"
 [7] "datasets"  "utils"     "methods"   "base"     

[[86]]
 [1] "dplyr"     "mmrm"      "TCT"       "stats"     "graphics"  "grDevices"
 [7] "datasets"  "utils"     "methods"   "base"     

[[87]]
 [1] "dplyr"     "mmrm"      "TCT"       "stats"     "graphics"  "grDevices"
 [7] "datasets"  "utils"     "methods"   "base"     

[[88]]
 [1] "dplyr"     "mmrm"      "TCT"       "stats"     "graphics"  "grDevices"
 [7] "datasets"  "utils"     "methods"   "base"     

[[89]]
 [1] "dplyr"     "mmrm"      "TCT"       "stats"     "graphics"  "grDevices"
 [7] "datasets"  "utils"     "methods"   "base"     

[[90]]
 [1] "dplyr"     "mmrm"      "TCT"       "stats"     "graphics"  "grDevices"
 [7] "datasets"  "utils"     "methods"   "base"     

[[91]]
 [1] "dplyr"     "mmrm"      "TCT"       "stats"     "graphics"  "grDevices"
 [7] "datasets"  "utils"     "methods"   "base"     

[[92]]
 [1] "dplyr"     "mmrm"      "TCT"       "stats"     "graphics"  "grDevices"
 [7] "datasets"  "utils"     "methods"   "base"     

[[93]]
 [1] "dplyr"     "mmrm"      "TCT"       "stats"     "graphics"  "grDevices"
 [7] "datasets"  "utils"     "methods"   "base"     

[[94]]
 [1] "dplyr"     "mmrm"      "TCT"       "stats"     "graphics"  "grDevices"
 [7] "datasets"  "utils"     "methods"   "base"     

[[95]]
 [1] "dplyr"     "mmrm"      "TCT"       "stats"     "graphics"  "grDevices"
 [7] "datasets"  "utils"     "methods"   "base"     

Time difference of 2.480418 hours
[1] "MMRMs fitted"
 NULL
Time difference of 3.142204 hours
[1] "meta-TCT finished"
Time difference of 19.28045 hours
[1] "meta-TCT-common finished"
[1] "Common acceleration factors estimated"
Time difference of 21.47042 hours
